<?xml version="1.0" encoding="UTF-8"?>
<testsuite name="up.visulog.gitrawdata.TestCommit" tests="2" skipped="0" failures="0" errors="0" timestamp="2020-09-16T07:17:46" hostname="pop-os" time="0.024">
  <properties/>
  <testcase name="testParseCommit" classname="up.visulog.gitrawdata.TestCommit" time="0.022"/>
  <testcase name="testParseLog" classname="up.visulog.gitrawdata.TestCommit" time="0.001"/>
  <system-out><![CDATA[]]></system-out>
  <system-err><![CDATA[]]></system-err>
</testsuite>
